#! /usr/bin/vvp
:ivl_version "10.3 (stable)";
:ivl_delay_selection "TYPICAL";
:vpi_time_precision + 0;
:vpi_module "system";
:vpi_module "vhdl_sys";
:vpi_module "v2005_math";
:vpi_module "va_math";
S_0x559e2a50d1a0 .scope module, "top_module" "top_module" 2 1;
 .timescale 0 0;
    .port_info 0 /INPUT 8 "in"
    .port_info 1 /OUTPUT 32 "out"
v0x559e2a50d320_0 .net *"_s1", 0 0, L_0x559e2a54fe80;  1 drivers
v0x559e2a54fba0_0 .net *"_s2", 23 0, L_0x559e2a54ff80;  1 drivers
o0x7f47f8842078 .functor BUFZ 8, C4<zzzzzzzz>; HiZ drive
v0x559e2a54fc80_0 .net "in", 7 0, o0x7f47f8842078;  0 drivers
v0x559e2a54fd40_0 .net "out", 31 0, L_0x559e2a550490;  1 drivers
L_0x559e2a54fe80 .part o0x7f47f8842078, 7, 1;
LS_0x559e2a54ff80_0_0 .concat [ 1 1 1 1], L_0x559e2a54fe80, L_0x559e2a54fe80, L_0x559e2a54fe80, L_0x559e2a54fe80;
LS_0x559e2a54ff80_0_4 .concat [ 1 1 1 1], L_0x559e2a54fe80, L_0x559e2a54fe80, L_0x559e2a54fe80, L_0x559e2a54fe80;
LS_0x559e2a54ff80_0_8 .concat [ 1 1 1 1], L_0x559e2a54fe80, L_0x559e2a54fe80, L_0x559e2a54fe80, L_0x559e2a54fe80;
LS_0x559e2a54ff80_0_12 .concat [ 1 1 1 1], L_0x559e2a54fe80, L_0x559e2a54fe80, L_0x559e2a54fe80, L_0x559e2a54fe80;
LS_0x559e2a54ff80_0_16 .concat [ 1 1 1 1], L_0x559e2a54fe80, L_0x559e2a54fe80, L_0x559e2a54fe80, L_0x559e2a54fe80;
LS_0x559e2a54ff80_0_20 .concat [ 1 1 1 1], L_0x559e2a54fe80, L_0x559e2a54fe80, L_0x559e2a54fe80, L_0x559e2a54fe80;
LS_0x559e2a54ff80_1_0 .concat [ 4 4 4 4], LS_0x559e2a54ff80_0_0, LS_0x559e2a54ff80_0_4, LS_0x559e2a54ff80_0_8, LS_0x559e2a54ff80_0_12;
LS_0x559e2a54ff80_1_4 .concat [ 4 4 0 0], LS_0x559e2a54ff80_0_16, LS_0x559e2a54ff80_0_20;
L_0x559e2a54ff80 .concat [ 16 8 0 0], LS_0x559e2a54ff80_1_0, LS_0x559e2a54ff80_1_4;
L_0x559e2a550490 .concat [ 8 24 0 0], o0x7f47f8842078, L_0x559e2a54ff80;
# The file index is used to find the file name in the following table.
:file_names 3;
    "N/A";
    "<interactive>";
    "rep.v";
